<?xml version="1.0" encoding="UTF-8"?>
<!-- Generated by org.testng.reporters.JUnitXMLReporter -->
<testsuite ignored="0" hostname="DESKTOP-8EAAVC9" failures="0" tests="4" name="Chrome Test" time="44.017" errors="0" timestamp="2025-06-25T16:34:56 IST">
  <testcase classname="org.cooee.tests.LoginTest" name="testLoginButtonDisabledForInvalidEmailFormat" time="11.482"/>
  <testcase classname="org.cooee.tests.LoginTest" name="testLoginWithValidCredentials" time="5.237"/>
  <testcase classname="org.cooee.tests.LoginTest" name="testLoginWithInvalidPassword" time="5.096"/>
  <testcase classname="org.cooee.tests.LoginTest" name="testLoginWithIncorrectEmailAndValidPassword" time="6.9"/>
</testsuite> <!-- Chrome Test -->
