<?xml version="1.0" encoding="UTF-8"?>
<!-- Generated by org.testng.reporters.JUnitXMLReporter -->
<testsuite ignored="0" hostname="DESKTOP-8EAAVC9" failures="0" tests="4" name="Chrome Test" time="303.987" errors="0" timestamp="2025-06-18T12:17:26 IST">
  <testcase classname="org.cooee.tests.LoginTest" name="testLoginButtonDisabledForInvalidEmailFormat" time="48.261"/>
  <testcase classname="org.cooee.tests.LoginTest" name="testLoginWithValidCredentials" time="18.437"/>
  <testcase classname="org.cooee.tests.LoginTest" name="testLoginWithInvalidPassword" time="40.31"/>
  <testcase classname="org.cooee.tests.LoginTest" name="testLoginWithIncorrectEmailAndValidPassword" time="60.502"/>
</testsuite> <!-- Chrome Test -->
