<?xml version="1.0" encoding="UTF-8"?>
<!-- Generated by org.testng.reporters.JUnitXMLReporter -->
<testsuite ignored="0" hostname="DESKTOP-8EAAVC9" failures="0" tests="4" name="Edge Test" time="69.08" errors="0" timestamp="2025-06-18T12:18:37 IST">
  <testcase classname="org.cooee.tests.LoginTest" name="testLoginButtonDisabledForInvalidEmailFormat" time="5.701"/>
  <testcase classname="org.cooee.tests.LoginTest" name="testLoginWithValidCredentials" time="4.509"/>
  <testcase classname="org.cooee.tests.LoginTest" name="testLoginWithInvalidPassword" time="5.172"/>
  <testcase classname="org.cooee.tests.LoginTest" name="testLoginWithIncorrectEmailAndValidPassword" time="7.124"/>
</testsuite> <!-- Edge Test -->
