<?xml version="1.0" encoding="UTF-8"?>
<!-- Generated by org.testng.reporters.JUnitXMLReporter -->
<testsuite ignored="0" hostname="DESKTOP-8EAAVC9" failures="1" tests="1" name="Login JSON Tests" time="0.314" errors="0" timestamp="2025-06-13T15:20:56 IST">
  <testcase classname="org.cooee.tests.LoginTest" name="loginTest" time="0.0">
    <failure type="java.lang.RuntimeException" message="com.fasterxml.jackson.core.JsonParseException: Unexpected character (&amp;apos;]&amp;apos; (code 93)): expected a value
 at [Source: REDACTED (`StreamReadFeature.INCLUDE_SOURCE_IN_LOCATION` disabled); line: 8, column: 1]">
      <![CDATA[java.lang.RuntimeException: com.fasterxml.jackson.core.JsonParseException: Unexpected character (']' (code 93)): expected a value
 at [Source: REDACTED (`StreamReadFeature.INCLUDE_SOURCE_IN_LOCATION` disabled); line: 8, column: 1]
at java.base/java.util.ArrayList.forEach(ArrayList.java:1597)
Caused by: com.fasterxml.jackson.core.JsonParseException: Unexpected character (']' (code 93)): expected a value
 at [Source: REDACTED (`StreamReadFeature.INCLUDE_SOURCE_IN_LOCATION` disabled); line: 8, column: 1]
at com.fasterxml.jackson.core.JsonParser._constructReadException(JsonParser.java:2648)
at com.fasterxml.jackson.core.base.ParserMinimalBase._reportUnexpectedChar(ParserMinimalBase.java:685)
at com.fasterxml.jackson.core.json.UTF8StreamJsonParser._handleUnexpectedValue(UTF8StreamJsonParser.java:2717)
at com.fasterxml.jackson.core.json.UTF8StreamJsonParser._nextTokenNotInObject(UTF8StreamJsonParser.java:867)
at com.fasterxml.jackson.core.json.UTF8StreamJsonParser.nextToken(UTF8StreamJsonParser.java:753)
at com.fasterxml.jackson.databind.deser.std.CollectionDeserializer._deserializeFromArray(CollectionDeserializer.java:352)
at com.fasterxml.jackson.databind.deser.std.CollectionDeserializer.deserialize(CollectionDeserializer.java:246)
at com.fasterxml.jackson.databind.deser.std.CollectionDeserializer.deserialize(CollectionDeserializer.java:30)
at com.fasterxml.jackson.databind.deser.DefaultDeserializationContext.readRootValue(DefaultDeserializationContext.java:342)
at com.fasterxml.jackson.databind.ObjectMapper._readMapAndClose(ObjectMapper.java:4905)
at com.fasterxml.jackson.databind.ObjectMapper.readValue(ObjectMapper.java:3733)
at org.cooee.utils.JsonDataReader.getJsonData(JsonDataReader.java:15)
at org.cooee.tests.LoginTest.getData(LoginTest.java:45)
... 25 more
... Removed 30 stack frames]]>
    </failure>
  </testcase> <!-- loginTest -->
</testsuite> <!-- Login JSON Tests -->
