<?xml version="1.0" encoding="UTF-8"?>
<!-- Generated by org.testng.reporters.JUnitXMLReporter -->
<testsuite ignored="0" hostname="DESKTOP-8EAAVC9" failures="0" tests="4" name="Login Test" time="76.513" errors="0" timestamp="2025-06-25T17:41:10 IST">
  <testcase classname="org.cooee.tests.LoginTest" name="testLoginButtonDisabledForInvalidEmailFormat" time="10.67"/>
  <testcase classname="org.cooee.tests.LoginTest" name="testLoginWithValidCredentials" time="13.1"/>
  <testcase classname="org.cooee.tests.LoginTest" name="testLoginWithInvalidPassword" time="5.528"/>
  <testcase classname="org.cooee.tests.LoginTest" name="testLoginWithIncorrectEmailAndValidPassword" time="5.008"/>
</testsuite> <!-- Login Test -->
