<?xml version="1.0" encoding="UTF-8"?>
<testng-results ignored="0" total="4" passed="4" failed="0" skipped="0">
  <reporter-output>
  </reporter-output>
  <suite started-at="2025-06-25T17:39:53 IST" name="Cooee Web Automation Suite" finished-at="2025-06-25T17:41:10 IST" duration-ms="76513">
    <groups>
    </groups>
    <test started-at="2025-06-25T17:39:53 IST" name="Login Test" finished-at="2025-06-25T17:41:10 IST" duration-ms="76513">
      <class name="org.cooee.tests.LoginTest">
        <test-method is-config="true" signature="loadData()[pri:0, instance:org.cooee.tests.LoginTest@229f66ed]" started-at="2025-06-25T17:39:53 IST" name="loadData" finished-at="2025-06-25T17:39:54 IST" duration-ms="188" status="PASS">
          <reporter-output>
          </reporter-output>
        </test-method> <!-- loadData -->
        <test-method is-config="true" signature="setUp()[pri:0, instance:org.cooee.tests.LoginTest@229f66ed]" started-at="2025-06-25T17:39:54 IST" name="setUp" finished-at="2025-06-25T17:40:21 IST" duration-ms="27138" status="PASS">
          <reporter-output>
          </reporter-output>
        </test-method> <!-- setUp -->
        <test-method signature="testLoginButtonDisabledForInvalidEmailFormat()[pri:1, instance:org.cooee.tests.LoginTest@229f66ed]" started-at="2025-06-25T17:40:21 IST" name="testLoginButtonDisabledForInvalidEmailFormat" finished-at="2025-06-25T17:40:31 IST" duration-ms="10670" status="PASS">
          <reporter-output>
          </reporter-output>
        </test-method> <!-- testLoginButtonDisabledForInvalidEmailFormat -->
        <test-method is-config="true" signature="tearDown()[pri:0, instance:org.cooee.tests.LoginTest@229f66ed]" started-at="2025-06-25T17:40:31 IST" name="tearDown" finished-at="2025-06-25T17:40:32 IST" duration-ms="769" status="PASS">
          <reporter-output>
          </reporter-output>
        </test-method> <!-- tearDown -->
        <test-method is-config="true" signature="setUp()[pri:0, instance:org.cooee.tests.LoginTest@229f66ed]" started-at="2025-06-25T17:40:32 IST" name="setUp" finished-at="2025-06-25T17:40:37 IST" duration-ms="5331" status="PASS">
          <reporter-output>
          </reporter-output>
        </test-method> <!-- setUp -->
        <test-method signature="testLoginWithValidCredentials()[pri:2, instance:org.cooee.tests.LoginTest@229f66ed]" started-at="2025-06-25T17:40:37 IST" name="testLoginWithValidCredentials" finished-at="2025-06-25T17:40:51 IST" duration-ms="13100" status="PASS">
          <reporter-output>
          </reporter-output>
        </test-method> <!-- testLoginWithValidCredentials -->
        <test-method is-config="true" signature="tearDown()[pri:0, instance:org.cooee.tests.LoginTest@229f66ed]" started-at="2025-06-25T17:40:51 IST" name="tearDown" finished-at="2025-06-25T17:40:51 IST" duration-ms="522" status="PASS">
          <reporter-output>
          </reporter-output>
        </test-method> <!-- tearDown -->
        <test-method is-config="true" signature="setUp()[pri:0, instance:org.cooee.tests.LoginTest@229f66ed]" started-at="2025-06-25T17:40:51 IST" name="setUp" finished-at="2025-06-25T17:40:56 IST" duration-ms="4650" status="PASS">
          <reporter-output>
          </reporter-output>
        </test-method> <!-- setUp -->
        <test-method signature="testLoginWithInvalidPassword()[pri:3, instance:org.cooee.tests.LoginTest@229f66ed]" started-at="2025-06-25T17:40:56 IST" name="testLoginWithInvalidPassword" finished-at="2025-06-25T17:41:01 IST" duration-ms="5528" status="PASS">
          <reporter-output>
          </reporter-output>
        </test-method> <!-- testLoginWithInvalidPassword -->
        <test-method is-config="true" signature="tearDown()[pri:0, instance:org.cooee.tests.LoginTest@229f66ed]" started-at="2025-06-25T17:41:01 IST" name="tearDown" finished-at="2025-06-25T17:41:02 IST" duration-ms="245" status="PASS">
          <reporter-output>
          </reporter-output>
        </test-method> <!-- tearDown -->
        <test-method is-config="true" signature="setUp()[pri:0, instance:org.cooee.tests.LoginTest@229f66ed]" started-at="2025-06-25T17:41:02 IST" name="setUp" finished-at="2025-06-25T17:41:04 IST" duration-ms="2915" status="PASS">
          <reporter-output>
          </reporter-output>
        </test-method> <!-- setUp -->
        <test-method signature="testLoginWithIncorrectEmailAndValidPassword()[pri:4, instance:org.cooee.tests.LoginTest@229f66ed]" started-at="2025-06-25T17:41:04 IST" name="testLoginWithIncorrectEmailAndValidPassword" finished-at="2025-06-25T17:41:09 IST" duration-ms="5008" status="PASS">
          <reporter-output>
          </reporter-output>
        </test-method> <!-- testLoginWithIncorrectEmailAndValidPassword -->
        <test-method is-config="true" signature="tearDown()[pri:0, instance:org.cooee.tests.LoginTest@229f66ed]" started-at="2025-06-25T17:41:09 IST" name="tearDown" finished-at="2025-06-25T17:41:10 IST" duration-ms="224" status="PASS">
          <reporter-output>
          </reporter-output>
        </test-method> <!-- tearDown -->
      </class> <!-- org.cooee.tests.LoginTest -->
    </test> <!-- Login Test -->
  </suite> <!-- Cooee Web Automation Suite -->
</testng-results>
